main.py[LINE:284]# INFO     [2020-01-16 13:13:53,711]  
    Предназначена для заполнения формы на сайте фитнес-клуба с использованием selenium
    Предполагается запуск по расписанию программы средствами операционной системы.
    Требуется наличие установленного браузера Chrome и скачанного вебдрайвера.

    Краткое описание:
    - проверяет наличие файла fields.txt - содержит информацию о том, что надо будет
    вводить в вебформу
    - при отсутствии - просит пользователя внести данные, создает файл
    - открывает браузер, находит последовательного заданные элементы, заполняет соответсвующие поля.
    - если флаг установлен в автомат и кнопка Отправить нажата, то переименовывает файл fields.txt для исключения
      возможности повторной отправки
    !!!ВНИМАНИЕ!!!
    Если третья строка в файле "fields.txt" содержит 'automate', то на последнем шаге будет нажата
    кнопка ОТПРАВИТЬ.
    Если строка не заполнена или содержит любое другое слово, то программа работает в тестовом режиме:
    - откроет зал баскетбол в  воскресенье
    - кнопка ОТправить активна, но автоматически не нажата

main.py[LINE:292]# INFO     [2020-01-16 13:13:53,711]  1*20
Начата попытка №1
main.py[LINE:52]# INFO     [2020-01-16 13:14:07,715]  Данные для заполнения внесены пользователем
main.py[LINE:72]# INFO     [2020-01-16 13:14:07,715]  Прочитали параметры: 
Имя: ales
Телефон: 9872098908
Спортзал: badminton
Флаг: manually
main.py[LINE:102]# INFO     [2020-01-16 13:14:14,156]  Открыт заданный url: https://spb.afitness.ru/dalnevostochniy/timetable
main.py[LINE:112]# INFO     [2020-01-16 13:14:14,167]  Переключились в активное окно
main.py[LINE:126]# INFO     [2020-01-16 13:14:14,237]  Переключились на нужный фрейм
main.py[LINE:141]# INFO     [2020-01-16 13:14:14,237]  Будем искать зал Бадминтон
main.py[LINE:149]# INFO     [2020-01-16 13:14:15,497]  Кликнули спортзал Бадминтон
main.py[LINE:292]# INFO     [2020-01-16 13:14:21,073]  2*20
Начата попытка №2
main.py[LINE:59]# INFO     [2020-01-16 13:14:21,073]  Файл с данными существует
main.py[LINE:72]# INFO     [2020-01-16 13:14:21,073]  Прочитали параметры: 
Имя: ales
Телефон: 9872098908
Спортзал: badminton
Флаг: manually
main.py[LINE:102]# INFO     [2020-01-16 13:14:26,832]  Открыт заданный url: https://spb.afitness.ru/dalnevostochniy/timetable
main.py[LINE:112]# INFO     [2020-01-16 13:14:26,844]  Переключились в активное окно
main.py[LINE:126]# INFO     [2020-01-16 13:14:26,960]  Переключились на нужный фрейм
main.py[LINE:141]# INFO     [2020-01-16 13:14:26,961]  Будем искать зал Бадминтон
main.py[LINE:149]# INFO     [2020-01-16 13:14:28,266]  Кликнули спортзал Бадминтон
main.py[LINE:168]# INFO     [2020-01-16 13:14:29,316]  Открылось всплывающее окно "Бадминтон клиенты"
main.py[LINE:187]# ERROR    [2020-01-16 13:15:09,816]  Не смогли активировать поле имени
main.py[LINE:292]# INFO     [2020-01-16 13:15:09,930]  3*20
Начата попытка №3
main.py[LINE:59]# INFO     [2020-01-16 13:15:09,930]  Файл с данными существует
main.py[LINE:72]# INFO     [2020-01-16 13:15:09,931]  Прочитали параметры: 
Имя: ales
Телефон: 9872098908
Спортзал: badminton
Флаг: manually
main.py[LINE:102]# INFO     [2020-01-16 13:15:20,800]  Открыт заданный url: https://spb.afitness.ru/dalnevostochniy/timetable
main.py[LINE:112]# INFO     [2020-01-16 13:15:20,813]  Переключились в активное окно
main.py[LINE:126]# INFO     [2020-01-16 13:15:20,883]  Переключились на нужный фрейм
main.py[LINE:141]# INFO     [2020-01-16 13:15:20,884]  Будем искать зал Бадминтон
main.py[LINE:149]# INFO     [2020-01-16 13:15:22,156]  Кликнули спортзал Бадминтон
main.py[LINE:168]# INFO     [2020-01-16 13:15:22,779]  Открылось всплывающее окно "Бадминтон клиенты"
main.py[LINE:187]# ERROR    [2020-01-16 13:16:02,848]  Не смогли активировать поле имени
main.py[LINE:297]# ERROR    [2020-01-16 13:16:02,970]  За заданные 3 попытки не удалось заполнить форму
main.py[LINE:303]# CRITICAL [2020-01-16 13:16:02,970]  На каком-то из этапов произошла ошибка. Смотри лог выше
main.py[LINE:294]# INFO     [2020-01-16 13:28:58,236]  
    Предназначена для заполнения формы на сайте фитнес-клуба с использованием selenium
    Предполагается запуск по расписанию программы средствами операционной системы.
    Требуется наличие установленного браузера Chrome и скачанного вебдрайвера.

    Краткое описание:
    - проверяет наличие файла fields.txt - содержит информацию о том, что надо будет
    вводить в вебформу
    - при отсутствии - просит пользователя внести данные, создает файл
    - открывает браузер, находит последовательного заданные элементы, заполняет соответсвующие поля.
    - если флаг установлен в автомат и кнопка Отправить нажата, то переименовывает файл fields.txt для исключения
      возможности повторной отправки
    !!!ВНИМАНИЕ!!!
    Если третья строка в файле "fields.txt" содержит 'automate', то на последнем шаге будет нажата
    кнопка ОТПРАВИТЬ.
    Если строка не заполнена или содержит любое другое слово, то программа работает в тестовом режиме:
    - откроет зал баскетбол в  воскресенье
    - кнопка ОТправить активна, но автоматически не нажата

main.py[LINE:302]# INFO     [2020-01-16 13:28:58,237]  11111111111111111111
Начата попытка №1
main.py[LINE:59]# INFO     [2020-01-16 13:28:58,237]  Файл с данными существует
main.py[LINE:72]# INFO     [2020-01-16 13:28:58,237]  Прочитали параметры: 
Имя: ales
Телефон: 9872098908
Спортзал: badminton
Флаг: manually
main.py[LINE:102]# INFO     [2020-01-16 13:29:05,332]  Открыт заданный url: https://spb.afitness.ru/dalnevostochniy/timetable
main.py[LINE:112]# INFO     [2020-01-16 13:29:05,347]  Переключились в активное окно
main.py[LINE:126]# INFO     [2020-01-16 13:29:05,460]  Переключились на нужный фрейм
main.py[LINE:141]# INFO     [2020-01-16 13:29:05,460]  Будем искать зал Бадминтон
main.py[LINE:149]# INFO     [2020-01-16 13:29:06,662]  Кликнули спортзал Бадминтон
main.py[LINE:302]# INFO     [2020-01-16 13:29:11,979]  22222222222222222222
Начата попытка №2
main.py[LINE:59]# INFO     [2020-01-16 13:29:11,979]  Файл с данными существует
main.py[LINE:72]# INFO     [2020-01-16 13:29:11,980]  Прочитали параметры: 
Имя: ales
Телефон: 9872098908
Спортзал: badminton
Флаг: manually
main.py[LINE:102]# INFO     [2020-01-16 13:29:19,055]  Открыт заданный url: https://spb.afitness.ru/dalnevostochniy/timetable
main.py[LINE:112]# INFO     [2020-01-16 13:29:19,072]  Переключились в активное окно
main.py[LINE:126]# INFO     [2020-01-16 13:29:19,180]  Переключились на нужный фрейм
main.py[LINE:141]# INFO     [2020-01-16 13:29:19,180]  Будем искать зал Бадминтон
main.py[LINE:149]# INFO     [2020-01-16 13:29:20,385]  Кликнули спортзал Бадминтон
main.py[LINE:302]# INFO     [2020-01-16 13:29:25,699]  33333333333333333333
Начата попытка №3
main.py[LINE:59]# INFO     [2020-01-16 13:29:25,699]  Файл с данными существует
main.py[LINE:72]# INFO     [2020-01-16 13:29:25,699]  Прочитали параметры: 
Имя: ales
Телефон: 9872098908
Спортзал: badminton
Флаг: manually
main.py[LINE:102]# INFO     [2020-01-16 13:29:31,817]  Открыт заданный url: https://spb.afitness.ru/dalnevostochniy/timetable
main.py[LINE:112]# INFO     [2020-01-16 13:29:31,830]  Переключились в активное окно
main.py[LINE:126]# INFO     [2020-01-16 13:29:31,910]  Переключились на нужный фрейм
main.py[LINE:141]# INFO     [2020-01-16 13:29:31,910]  Будем искать зал Бадминтон
main.py[LINE:149]# INFO     [2020-01-16 13:29:33,305]  Кликнули спортзал Бадминтон
main.py[LINE:176]# INFO     [2020-01-16 13:29:33,991]  Открылось всплывающее окно "Бадминтон клиенты"
main.py[LINE:197]# ERROR    [2020-01-16 13:30:14,197]  Не смогли активировать поле имени
main.py[LINE:307]# ERROR    [2020-01-16 13:30:14,312]  За заданные 3 попытки не удалось заполнить форму
main.py[LINE:314]# CRITICAL [2020-01-16 13:30:14,312]  На каком-то из этапов произошла ошибка. Смотри лог выше
main.py[LINE:294]# INFO     [2020-01-16 13:35:38,250]  
    Предназначена для заполнения формы на сайте фитнес-клуба с использованием selenium
    Предполагается запуск по расписанию программы средствами операционной системы.
    Требуется наличие установленного браузера Chrome и скачанного вебдрайвера.

    Краткое описание:
    - проверяет наличие файла fields.txt - содержит информацию о том, что надо будет
    вводить в вебформу
    - при отсутствии - просит пользователя внести данные, создает файл
    - открывает браузер, находит последовательного заданные элементы, заполняет соответсвующие поля.
    - если флаг установлен в автомат и кнопка Отправить нажата, то переименовывает файл fields.txt для исключения
      возможности повторной отправки
    !!!ВНИМАНИЕ!!!
    Если третья строка в файле "fields.txt" содержит 'automate', то на последнем шаге будет нажата
    кнопка ОТПРАВИТЬ.
    Если строка не заполнена или содержит любое другое слово, то программа работает в тестовом режиме:
    - откроет зал баскетбол в  воскресенье
    - кнопка ОТправить активна, но автоматически не нажата

main.py[LINE:302]# INFO     [2020-01-16 13:35:38,251]  11111111111111111111
Начата попытка №1
main.py[LINE:59]# INFO     [2020-01-16 13:35:38,251]  Файл с данными существует
main.py[LINE:72]# INFO     [2020-01-16 13:35:38,251]  Прочитали параметры: 
Имя: ales
Телефон: 9872098908
Спортзал: badminton
Флаг: manually
main.py[LINE:102]# INFO     [2020-01-16 13:35:44,508]  Открыт заданный url: https://spb.afitness.ru/dalnevostochniy/timetable
main.py[LINE:112]# INFO     [2020-01-16 13:35:44,521]  Переключились в активное окно
main.py[LINE:126]# INFO     [2020-01-16 13:35:44,614]  Переключились на нужный фрейм
main.py[LINE:141]# INFO     [2020-01-16 13:35:44,614]  Будем искать зал Бадминтон
main.py[LINE:149]# INFO     [2020-01-16 13:35:45,772]  Кликнули спортзал Бадминтон
main.py[LINE:302]# INFO     [2020-01-16 13:35:51,291]  22222222222222222222
Начата попытка №2
main.py[LINE:59]# INFO     [2020-01-16 13:35:51,291]  Файл с данными существует
main.py[LINE:72]# INFO     [2020-01-16 13:35:51,292]  Прочитали параметры: 
Имя: ales
Телефон: 9872098908
Спортзал: badminton
Флаг: manually
main.py[LINE:102]# INFO     [2020-01-16 13:35:57,984]  Открыт заданный url: https://spb.afitness.ru/dalnevostochniy/timetable
main.py[LINE:112]# INFO     [2020-01-16 13:35:57,999]  Переключились в активное окно
main.py[LINE:126]# INFO     [2020-01-16 13:35:58,096]  Переключились на нужный фрейм
main.py[LINE:141]# INFO     [2020-01-16 13:35:58,097]  Будем искать зал Бадминтон
main.py[LINE:149]# INFO     [2020-01-16 13:35:59,342]  Кликнули спортзал Бадминтон
main.py[LINE:173]# INFO     [2020-01-16 13:36:01,081]  Программа успешно отработала, свободные места закончились
main.py[LINE:294]# INFO     [2020-01-16 13:37:53,447]  
    Предназначена для заполнения формы на сайте фитнес-клуба с использованием selenium
    Предполагается запуск по расписанию программы средствами операционной системы.
    Требуется наличие установленного браузера Chrome и скачанного вебдрайвера.

    Краткое описание:
    - проверяет наличие файла fields.txt - содержит информацию о том, что надо будет
    вводить в вебформу
    - при отсутствии - просит пользователя внести данные, создает файл
    - открывает браузер, находит последовательного заданные элементы, заполняет соответсвующие поля.
    - если флаг установлен в автомат и кнопка Отправить нажата, то переименовывает файл fields.txt для исключения
      возможности повторной отправки
    !!!ВНИМАНИЕ!!!
    Если третья строка в файле "fields.txt" содержит 'automate', то на последнем шаге будет нажата
    кнопка ОТПРАВИТЬ.
    Если строка не заполнена или содержит любое другое слово, то программа работает в тестовом режиме:
    - откроет зал баскетбол в  воскресенье
    - кнопка ОТправить активна, но автоматически не нажата

main.py[LINE:302]# INFO     [2020-01-16 13:37:53,447]  11111111111111111111
Начата попытка №1
main.py[LINE:59]# INFO     [2020-01-16 13:37:53,448]  Файл с данными существует
main.py[LINE:72]# INFO     [2020-01-16 13:37:53,448]  Прочитали параметры: 
Имя: ales
Телефон: 9872098908
Спортзал: badminton
Флаг: manually
main.py[LINE:102]# INFO     [2020-01-16 13:38:02,802]  Открыт заданный url: https://spb.afitness.ru/dalnevostochniy/timetable
main.py[LINE:112]# INFO     [2020-01-16 13:38:02,816]  Переключились в активное окно
main.py[LINE:126]# INFO     [2020-01-16 13:38:02,896]  Переключились на нужный фрейм
main.py[LINE:141]# INFO     [2020-01-16 13:38:02,896]  Будем искать зал Бадминтон
main.py[LINE:149]# INFO     [2020-01-16 13:38:04,101]  Кликнули спортзал Бадминтон
main.py[LINE:302]# INFO     [2020-01-16 13:38:09,707]  22222222222222222222
Начата попытка №2
main.py[LINE:59]# INFO     [2020-01-16 13:38:09,707]  Файл с данными существует
main.py[LINE:72]# INFO     [2020-01-16 13:38:09,708]  Прочитали параметры: 
Имя: ales
Телефон: 9872098908
Спортзал: badminton
Флаг: manually
main.py[LINE:102]# INFO     [2020-01-16 13:38:17,450]  Открыт заданный url: https://spb.afitness.ru/dalnevostochniy/timetable
main.py[LINE:112]# INFO     [2020-01-16 13:38:17,462]  Переключились в активное окно
main.py[LINE:126]# INFO     [2020-01-16 13:38:17,562]  Переключились на нужный фрейм
main.py[LINE:141]# INFO     [2020-01-16 13:38:17,562]  Будем искать зал Бадминтон
main.py[LINE:149]# INFO     [2020-01-16 13:38:18,773]  Кликнули спортзал Бадминтон
main.py[LINE:302]# INFO     [2020-01-16 13:38:24,306]  33333333333333333333
Начата попытка №3
main.py[LINE:59]# INFO     [2020-01-16 13:38:24,306]  Файл с данными существует
main.py[LINE:72]# INFO     [2020-01-16 13:38:24,307]  Прочитали параметры: 
Имя: ales
Телефон: 9872098908
Спортзал: badminton
Флаг: manually
main.py[LINE:102]# INFO     [2020-01-16 13:38:29,790]  Открыт заданный url: https://spb.afitness.ru/dalnevostochniy/timetable
main.py[LINE:112]# INFO     [2020-01-16 13:38:29,804]  Переключились в активное окно
main.py[LINE:126]# INFO     [2020-01-16 13:38:29,879]  Переключились на нужный фрейм
main.py[LINE:141]# INFO     [2020-01-16 13:38:29,879]  Будем искать зал Бадминтон
main.py[LINE:149]# INFO     [2020-01-16 13:38:32,139]  Кликнули спортзал Бадминтон
main.py[LINE:173]# INFO     [2020-01-16 13:38:32,822]  Программа успешно отработала, свободные места в зале закончились
main.py[LINE:307]# ERROR    [2020-01-16 13:38:32,822]  За заданные 3 попытки не удалось заполнить форму
main.py[LINE:311]# INFO     [2020-01-16 13:38:32,822]  Форма успешно заполнена. Флаг на отправку установлен: False
main.py[LINE:294]# INFO     [2020-01-16 13:39:24,138]  
    Предназначена для заполнения формы на сайте фитнес-клуба с использованием selenium
    Предполагается запуск по расписанию программы средствами операционной системы.
    Требуется наличие установленного браузера Chrome и скачанного вебдрайвера.

    Краткое описание:
    - проверяет наличие файла fields.txt - содержит информацию о том, что надо будет
    вводить в вебформу
    - при отсутствии - просит пользователя внести данные, создает файл
    - открывает браузер, находит последовательного заданные элементы, заполняет соответсвующие поля.
    - если флаг установлен в автомат и кнопка Отправить нажата, то переименовывает файл fields.txt для исключения
      возможности повторной отправки
    !!!ВНИМАНИЕ!!!
    Если третья строка в файле "fields.txt" содержит 'automate', то на последнем шаге будет нажата
    кнопка ОТПРАВИТЬ.
    Если строка не заполнена или содержит любое другое слово, то программа работает в тестовом режиме:
    - откроет зал баскетбол в  воскресенье
    - кнопка ОТправить активна, но автоматически не нажата

main.py[LINE:302]# INFO     [2020-01-16 13:39:24,138]  1-1-1-1-1-1-1-1-1-1-1-1-1-1-1-1-1-1-1-1-
Начата попытка №1
main.py[LINE:59]# INFO     [2020-01-16 13:39:24,138]  Файл с данными существует
main.py[LINE:72]# INFO     [2020-01-16 13:39:24,139]  Прочитали параметры: 
Имя: ales
Телефон: 9872098908
Спортзал: badminton
Флаг: manually
main.py[LINE:102]# INFO     [2020-01-16 13:39:30,485]  Открыт заданный url: https://spb.afitness.ru/dalnevostochniy/timetable
main.py[LINE:112]# INFO     [2020-01-16 13:39:30,498]  Переключились в активное окно
main.py[LINE:126]# INFO     [2020-01-16 13:39:30,592]  Переключились на нужный фрейм
main.py[LINE:141]# INFO     [2020-01-16 13:39:30,592]  Будем искать зал Бадминтон
main.py[LINE:149]# INFO     [2020-01-16 13:39:31,828]  Кликнули спортзал Бадминтон
main.py[LINE:302]# INFO     [2020-01-16 13:39:37,004]  2-2-2-2-2-2-2-2-2-2-2-2-2-2-2-2-2-2-2-2-
Начата попытка №2
main.py[LINE:59]# INFO     [2020-01-16 13:39:37,004]  Файл с данными существует
main.py[LINE:72]# INFO     [2020-01-16 13:39:37,005]  Прочитали параметры: 
Имя: ales
Телефон: 9872098908
Спортзал: badminton
Флаг: manually
main.py[LINE:102]# INFO     [2020-01-16 13:39:44,131]  Открыт заданный url: https://spb.afitness.ru/dalnevostochniy/timetable
main.py[LINE:112]# INFO     [2020-01-16 13:39:44,147]  Переключились в активное окно
main.py[LINE:126]# INFO     [2020-01-16 13:39:44,246]  Переключились на нужный фрейм
main.py[LINE:141]# INFO     [2020-01-16 13:39:44,247]  Будем искать зал Бадминтон
main.py[LINE:149]# INFO     [2020-01-16 13:39:46,058]  Кликнули спортзал Бадминтон
main.py[LINE:173]# INFO     [2020-01-16 13:39:46,758]  Программа успешно отработала, свободные места в зале закончились
main.py[LINE:311]# INFO     [2020-01-16 13:39:46,759]  Форма успешно заполнена. Флаг на отправку установлен: False
main.py[LINE:294]# INFO     [2020-01-16 13:41:20,987]  
    Предназначена для заполнения формы на сайте фитнес-клуба с использованием selenium
    Предполагается запуск по расписанию программы средствами операционной системы.
    Требуется наличие установленного браузера Chrome и скачанного вебдрайвера.

    Краткое описание:
    - проверяет наличие файла fields.txt - содержит информацию о том, что надо будет
    вводить в вебформу
    - при отсутствии - просит пользователя внести данные, создает файл
    - открывает браузер, находит последовательного заданные элементы, заполняет соответсвующие поля.
    - если флаг установлен в автомат и кнопка Отправить нажата, то переименовывает файл fields.txt для исключения
      возможности повторной отправки
    !!!ВНИМАНИЕ!!!
    Если третья строка в файле "fields.txt" содержит 'automate', то на последнем шаге будет нажата
    кнопка ОТПРАВИТЬ.
    Если строка не заполнена или содержит любое другое слово, то программа работает в тестовом режиме:
    - откроет зал баскетбол в  воскресенье
    - кнопка ОТправить активна, но автоматически не нажата

main.py[LINE:302]# INFO     [2020-01-16 13:41:20,988]  1-1-1-1-1-1-1-1-1-1-1-1-1-1-1-1-1-1-1-1-
Начата попытка №1
main.py[LINE:59]# INFO     [2020-01-16 13:41:20,988]  Файл с данными существует
main.py[LINE:72]# INFO     [2020-01-16 13:41:20,988]  Прочитали параметры: 
Имя: ales
Телефон: 9872098908
Спортзал: badminton
Флаг: manually
main.py[LINE:102]# INFO     [2020-01-16 13:41:27,291]  Открыт заданный url: https://spb.afitness.ru/dalnevostochniy/timetable
main.py[LINE:112]# INFO     [2020-01-16 13:41:27,303]  Переключились в активное окно
main.py[LINE:126]# INFO     [2020-01-16 13:41:27,393]  Переключились на нужный фрейм
main.py[LINE:141]# INFO     [2020-01-16 13:41:27,393]  Будем искать зал Бадминтон
main.py[LINE:149]# INFO     [2020-01-16 13:41:28,668]  Кликнули спортзал Бадминтон
main.py[LINE:302]# INFO     [2020-01-16 13:41:34,146]  2-2-2-2-2-2-2-2-2-2-2-2-2-2-2-2-2-2-2-2-
Начата попытка №2
main.py[LINE:59]# INFO     [2020-01-16 13:41:34,254]  Файл с данными существует
main.py[LINE:72]# INFO     [2020-01-16 13:41:34,289]  Прочитали параметры: 
Имя: ales
Телефон: 9872098908
Спортзал: badminton
Флаг: manually
main.py[LINE:102]# INFO     [2020-01-16 13:41:43,280]  Открыт заданный url: https://spb.afitness.ru/dalnevostochniy/timetable
main.py[LINE:112]# INFO     [2020-01-16 13:41:43,303]  Переключились в активное окно
main.py[LINE:126]# INFO     [2020-01-16 13:41:43,373]  Переключились на нужный фрейм
main.py[LINE:141]# INFO     [2020-01-16 13:41:43,373]  Будем искать зал Бадминтон
main.py[LINE:149]# INFO     [2020-01-16 13:41:44,645]  Кликнули спортзал Бадминтон
main.py[LINE:173]# INFO     [2020-01-16 13:41:45,309]  Программа успешно отработала, свободные места в зале закончились
main.py[LINE:311]# INFO     [2020-01-16 13:41:45,309]  Форма успешно заполнена. Ипользованное количество попыток: 2. Флаг на отправку установлен: False
main.py[LINE:294]# INFO     [2020-01-16 13:42:11,492]  
    Предназначена для заполнения формы на сайте фитнес-клуба с использованием selenium
    Предполагается запуск по расписанию программы средствами операционной системы.
    Требуется наличие установленного браузера Chrome и скачанного вебдрайвера.

    Краткое описание:
    - проверяет наличие файла fields.txt - содержит информацию о том, что надо будет
    вводить в вебформу
    - при отсутствии - просит пользователя внести данные, создает файл
    - открывает браузер, находит последовательного заданные элементы, заполняет соответсвующие поля.
    - если флаг установлен в автомат и кнопка Отправить нажата, то переименовывает файл fields.txt для исключения
      возможности повторной отправки
    !!!ВНИМАНИЕ!!!
    Если третья строка в файле "fields.txt" содержит 'automate', то на последнем шаге будет нажата
    кнопка ОТПРАВИТЬ.
    Если строка не заполнена или содержит любое другое слово, то программа работает в тестовом режиме:
    - откроет зал баскетбол в  воскресенье
    - кнопка ОТправить активна, но автоматически не нажата

main.py[LINE:302]# INFO     [2020-01-16 13:42:11,492]  1---1---1---1---1---1---1---1---1---1---1---1---1---1---1---1---1---1---1---1---
Начата попытка №1
main.py[LINE:59]# INFO     [2020-01-16 13:42:11,493]  Файл с данными существует
main.py[LINE:72]# INFO     [2020-01-16 13:42:11,493]  Прочитали параметры: 
Имя: ales
Телефон: 9872098908
Спортзал: badminton
Флаг: manually
main.py[LINE:102]# INFO     [2020-01-16 13:42:17,846]  Открыт заданный url: https://spb.afitness.ru/dalnevostochniy/timetable
main.py[LINE:112]# INFO     [2020-01-16 13:42:17,860]  Переключились в активное окно
main.py[LINE:126]# INFO     [2020-01-16 13:42:17,946]  Переключились на нужный фрейм
main.py[LINE:141]# INFO     [2020-01-16 13:42:17,946]  Будем искать зал Бадминтон
main.py[LINE:149]# INFO     [2020-01-16 13:42:19,118]  Кликнули спортзал Бадминтон
main.py[LINE:302]# INFO     [2020-01-16 13:42:24,808]  2---2---2---2---2---2---2---2---2---2---2---2---2---2---2---2---2---2---2---2---
Начата попытка №2
main.py[LINE:59]# INFO     [2020-01-16 13:42:24,810]  Файл с данными существует
main.py[LINE:72]# INFO     [2020-01-16 13:42:24,812]  Прочитали параметры: 
Имя: ales
Телефон: 9872098908
Спортзал: badminton
Флаг: manually
main.py[LINE:102]# INFO     [2020-01-16 13:42:30,514]  Открыт заданный url: https://spb.afitness.ru/dalnevostochniy/timetable
main.py[LINE:112]# INFO     [2020-01-16 13:42:30,523]  Переключились в активное окно
main.py[LINE:126]# INFO     [2020-01-16 13:42:30,585]  Переключились на нужный фрейм
main.py[LINE:141]# INFO     [2020-01-16 13:42:30,585]  Будем искать зал Бадминтон
main.py[LINE:149]# INFO     [2020-01-16 13:42:31,956]  Кликнули спортзал Бадминтон
main.py[LINE:173]# INFO     [2020-01-16 13:42:32,624]  Программа успешно отработала, свободные места в зале закончились
main.py[LINE:311]# INFO     [2020-01-16 13:42:32,624]  Форма успешно заполнена. Ипользованное количество попыток: 2. Флаг на отправку установлен: False
main.py[LINE:294]# INFO     [2020-01-16 13:43:22,946]  
    Предназначена для заполнения формы на сайте фитнес-клуба с использованием selenium
    Предполагается запуск по расписанию программы средствами операционной системы.
    Требуется наличие установленного браузера Chrome и скачанного вебдрайвера.

    Краткое описание:
    - проверяет наличие файла fields.txt - содержит информацию о том, что надо будет
    вводить в вебформу
    - при отсутствии - просит пользователя внести данные, создает файл
    - открывает браузер, находит последовательного заданные элементы, заполняет соответсвующие поля.
    - если флаг установлен в автомат и кнопка Отправить нажата, то переименовывает файл fields.txt для исключения
      возможности повторной отправки
    !!!ВНИМАНИЕ!!!
    Если третья строка в файле "fields.txt" содержит 'automate', то на последнем шаге будет нажата
    кнопка ОТПРАВИТЬ.
    Если строка не заполнена или содержит любое другое слово, то программа работает в тестовом режиме:
    - откроет зал баскетбол в  воскресенье
    - кнопка ОТправить активна, но автоматически не нажата

main.py[LINE:302]# INFO     [2020-01-16 13:43:22,946]  

1---1---1---1---1---1---1---1---1---1---1---1---1---1---1---1---1---1---1---1---
Начата попытка №1
main.py[LINE:59]# INFO     [2020-01-16 13:43:22,946]  Файл с данными существует
main.py[LINE:72]# INFO     [2020-01-16 13:43:22,947]  Прочитали параметры: 
Имя: ales
Телефон: 9872098908
Спортзал: badminton
Флаг: manually
main.py[LINE:102]# INFO     [2020-01-16 13:43:30,250]  Открыт заданный url: https://spb.afitness.ru/dalnevostochniy/timetable
main.py[LINE:112]# INFO     [2020-01-16 13:43:30,263]  Переключились в активное окно
main.py[LINE:126]# INFO     [2020-01-16 13:43:30,357]  Переключились на нужный фрейм
main.py[LINE:141]# INFO     [2020-01-16 13:43:30,357]  Будем искать зал Бадминтон
main.py[LINE:149]# INFO     [2020-01-16 13:43:31,532]  Кликнули спортзал Бадминтон
main.py[LINE:302]# INFO     [2020-01-16 13:43:37,004]  

2---2---2---2---2---2---2---2---2---2---2---2---2---2---2---2---2---2---2---2---
Начата попытка №2
main.py[LINE:59]# INFO     [2020-01-16 13:43:37,004]  Файл с данными существует
main.py[LINE:72]# INFO     [2020-01-16 13:43:37,004]  Прочитали параметры: 
Имя: ales
Телефон: 9872098908
Спортзал: badminton
Флаг: manually
main.py[LINE:102]# INFO     [2020-01-16 13:43:44,867]  Открыт заданный url: https://spb.afitness.ru/dalnevostochniy/timetable
main.py[LINE:112]# INFO     [2020-01-16 13:43:44,877]  Переключились в активное окно
main.py[LINE:126]# INFO     [2020-01-16 13:43:44,956]  Переключились на нужный фрейм
main.py[LINE:141]# INFO     [2020-01-16 13:43:44,956]  Будем искать зал Бадминтон
main.py[LINE:149]# INFO     [2020-01-16 13:43:46,213]  Кликнули спортзал Бадминтон
main.py[LINE:302]# INFO     [2020-01-16 13:43:51,772]  

3---3---3---3---3---3---3---3---3---3---3---3---3---3---3---3---3---3---3---3---
Начата попытка №3
main.py[LINE:59]# INFO     [2020-01-16 13:43:51,772]  Файл с данными существует
main.py[LINE:72]# INFO     [2020-01-16 13:43:51,772]  Прочитали параметры: 
Имя: ales
Телефон: 9872098908
Спортзал: badminton
Флаг: manually
main.py[LINE:102]# INFO     [2020-01-16 13:43:58,549]  Открыт заданный url: https://spb.afitness.ru/dalnevostochniy/timetable
main.py[LINE:112]# INFO     [2020-01-16 13:43:58,561]  Переключились в активное окно
main.py[LINE:126]# INFO     [2020-01-16 13:43:58,648]  Переключились на нужный фрейм
main.py[LINE:141]# INFO     [2020-01-16 13:43:58,648]  Будем искать зал Бадминтон
main.py[LINE:149]# INFO     [2020-01-16 13:43:59,882]  Кликнули спортзал Бадминтон
main.py[LINE:307]# ERROR    [2020-01-16 13:44:05,393]  За заданные 3 попытки не удалось заполнить форму
main.py[LINE:314]# CRITICAL [2020-01-16 13:44:05,394]  На каком-то из этапов произошла ошибка. Смотри лог выше
main.py[LINE:295]# INFO     [2020-01-16 13:46:24,112]  


    Предназначена для заполнения формы на сайте фитнес-клуба с использованием selenium
    Предполагается запуск по расписанию программы средствами операционной системы.
    Требуется наличие установленного браузера Chrome и скачанного вебдрайвера.

    Краткое описание:
    - проверяет наличие файла fields.txt - содержит информацию о том, что надо будет
    вводить в вебформу
    - при отсутствии - просит пользователя внести данные, создает файл
    - открывает браузер, находит последовательного заданные элементы, заполняет соответсвующие поля.
    - если флаг установлен в автомат и кнопка Отправить нажата, то переименовывает файл fields.txt для исключения
      возможности повторной отправки
    !!!ВНИМАНИЕ!!!
    Если третья строка в файле "fields.txt" содержит 'automate', то на последнем шаге будет нажата
    кнопка ОТПРАВИТЬ.
    Если строка не заполнена или содержит любое другое слово, то программа работает в тестовом режиме:
    - откроет зал баскетбол в  воскресенье
    - кнопка ОТправить активна, но автоматически не нажата
---------------------------------------------------------------------------------


main.py[LINE:303]# INFO     [2020-01-16 13:46:24,113]  

1---1---1---1---1---1---1---1---1---1---1---1---1---1---1---1---1---1---1---1---
Начата попытка №1
main.py[LINE:59]# INFO     [2020-01-16 13:46:24,113]  Файл с данными существует
main.py[LINE:72]# INFO     [2020-01-16 13:46:24,113]  Прочитали параметры: 
Имя: ales
Телефон: 9872098908
Спортзал: badminton
Флаг: manually
main.py[LINE:102]# INFO     [2020-01-16 13:46:31,519]  Открыт заданный url: https://spb.afitness.ru/dalnevostochniy/timetable
main.py[LINE:112]# INFO     [2020-01-16 13:46:31,534]  Переключились в активное окно
main.py[LINE:126]# INFO     [2020-01-16 13:46:31,667]  Переключились на нужный фрейм
main.py[LINE:141]# INFO     [2020-01-16 13:46:31,667]  Будем искать зал Бадминтон
main.py[LINE:149]# INFO     [2020-01-16 13:46:33,007]  Кликнули спортзал Бадминтон
main.py[LINE:173]# INFO     [2020-01-16 13:46:33,693]  Программа успешно отработала, свободные места в зале закончились
main.py[LINE:312]# INFO     [2020-01-16 13:46:33,694]  Форма успешно заполнена. Ипользованное количество попыток: 1. Флаг на отправку установлен: False
main.py[LINE:295]# INFO     [2020-01-16 13:47:42,843]  

------------------------------------------------------------------------------------------------------------

    Предназначена для заполнения формы на сайте фитнес-клуба с использованием selenium
    Предполагается запуск по расписанию программы средствами операционной системы.
    Требуется наличие установленного браузера Chrome и скачанного вебдрайвера.

    Краткое описание:
    - проверяет наличие файла fields.txt - содержит информацию о том, что надо будет
    вводить в вебформу
    - при отсутствии - просит пользователя внести данные, создает файл
    - открывает браузер, находит последовательного заданные элементы, заполняет соответсвующие поля.
    - если флаг установлен в автомат и кнопка Отправить нажата, то переименовывает файл fields.txt для исключения
      возможности повторной отправки
    !!!ВНИМАНИЕ!!!
    Если третья строка в файле "fields.txt" содержит 'automate', то на последнем шаге будет нажата
    кнопка ОТПРАВИТЬ.
    Если строка не заполнена или содержит любое другое слово, то программа работает в тестовом режиме:
    - откроет зал баскетбол в  воскресенье
    - кнопка ОТправить активна, но автоматически не нажата

main.py[LINE:303]# INFO     [2020-01-16 13:47:42,843]  

1---1---1---1---1---1---1---1---1---1---1---1---1---1---1---1---1---1---1---1---
Начата попытка №1
main.py[LINE:59]# INFO     [2020-01-16 13:47:42,843]  Файл с данными существует
main.py[LINE:72]# INFO     [2020-01-16 13:47:42,843]  Прочитали параметры: 
Имя: ales
Телефон: 9872098908
Спортзал: badminton
Флаг: manually
main.py[LINE:102]# INFO     [2020-01-16 13:47:49,626]  Открыт заданный url: https://spb.afitness.ru/dalnevostochniy/timetable
main.py[LINE:112]# INFO     [2020-01-16 13:47:49,638]  Переключились в активное окно
main.py[LINE:126]# INFO     [2020-01-16 13:47:49,728]  Переключились на нужный фрейм
main.py[LINE:141]# INFO     [2020-01-16 13:47:49,728]  Будем искать зал Бадминтон
main.py[LINE:149]# INFO     [2020-01-16 13:47:50,927]  Кликнули спортзал Бадминтон
main.py[LINE:303]# INFO     [2020-01-16 13:47:56,470]  

2---2---2---2---2---2---2---2---2---2---2---2---2---2---2---2---2---2---2---2---
Начата попытка №2
main.py[LINE:59]# INFO     [2020-01-16 13:47:56,471]  Файл с данными существует
main.py[LINE:72]# INFO     [2020-01-16 13:47:56,471]  Прочитали параметры: 
Имя: ales
Телефон: 9872098908
Спортзал: badminton
Флаг: manually
main.py[LINE:102]# INFO     [2020-01-16 13:48:02,808]  Открыт заданный url: https://spb.afitness.ru/dalnevostochniy/timetable
main.py[LINE:112]# INFO     [2020-01-16 13:48:02,822]  Переключились в активное окно
main.py[LINE:126]# INFO     [2020-01-16 13:48:02,901]  Переключились на нужный фрейм
main.py[LINE:141]# INFO     [2020-01-16 13:48:02,901]  Будем искать зал Бадминтон
main.py[LINE:149]# INFO     [2020-01-16 13:48:04,175]  Кликнули спортзал Бадминтон
main.py[LINE:303]# INFO     [2020-01-16 13:48:09,812]  

3---3---3---3---3---3---3---3---3---3---3---3---3---3---3---3---3---3---3---3---
Начата попытка №3
main.py[LINE:59]# INFO     [2020-01-16 13:48:09,813]  Файл с данными существует
main.py[LINE:72]# INFO     [2020-01-16 13:48:09,813]  Прочитали параметры: 
Имя: ales
Телефон: 9872098908
Спортзал: badminton
Флаг: manually
main.py[LINE:102]# INFO     [2020-01-16 13:48:16,006]  Открыт заданный url: https://spb.afitness.ru/dalnevostochniy/timetable
main.py[LINE:112]# INFO     [2020-01-16 13:48:16,018]  Переключились в активное окно
main.py[LINE:126]# INFO     [2020-01-16 13:48:16,107]  Переключились на нужный фрейм
main.py[LINE:141]# INFO     [2020-01-16 13:48:16,108]  Будем искать зал Бадминтон
main.py[LINE:149]# INFO     [2020-01-16 13:48:17,282]  Кликнули спортзал Бадминтон
main.py[LINE:303]# INFO     [2020-01-16 13:48:22,847]  

4---4---4---4---4---4---4---4---4---4---4---4---4---4---4---4---4---4---4---4---
Начата попытка №4
main.py[LINE:59]# INFO     [2020-01-16 13:48:22,847]  Файл с данными существует
main.py[LINE:72]# INFO     [2020-01-16 13:48:22,848]  Прочитали параметры: 
Имя: ales
Телефон: 9872098908
Спортзал: badminton
Флаг: manually
main.py[LINE:102]# INFO     [2020-01-16 13:48:28,732]  Открыт заданный url: https://spb.afitness.ru/dalnevostochniy/timetable
main.py[LINE:112]# INFO     [2020-01-16 13:48:28,747]  Переключились в активное окно
main.py[LINE:126]# INFO     [2020-01-16 13:48:28,830]  Переключились на нужный фрейм
main.py[LINE:141]# INFO     [2020-01-16 13:48:28,831]  Будем искать зал Бадминтон
main.py[LINE:149]# INFO     [2020-01-16 13:48:30,043]  Кликнули спортзал Бадминтон
main.py[LINE:173]# INFO     [2020-01-16 13:48:30,744]  Программа успешно отработала, свободные места в зале закончились
main.py[LINE:312]# INFO     [2020-01-16 13:48:30,745]  Форма успешно заполнена. Ипользованное количество попыток: 4. Флаг на отправку установлен: False
